<?xml version="1.0" encoding="UTF-8"?>
<!-- Generated by org.testng.reporters.JUnitReportReporter -->
<testsuite skipped="0" hostname="LAPTOP-CESU4ELL" name="Practice.RightClick" tests="1" failures="0" timestamp="2020-09-30T20:44:58 IST" time="22.140" errors="0">
  <testcase name="openBrowser" time="22.140" classname="Practice.RightClick"/>
  <system-out/>
</testsuite> <!-- Practice.RightClick -->
