<?xml version="1.0" encoding="UTF-8"?>
<!-- Generated by org.testng.reporters.JUnitReportReporter -->
<testsuite skipped="0" hostname="LAPTOP-CESU4ELL" name="ExtentReport.OpeningBrowser" tests="2" failures="0" timestamp="14 Mar 2021 17:21:54 GMT" time="108.333" errors="0">
  <testcase name="openBrowser" time="70.856" classname="ExtentReport.OpeningBrowser"/>
  <testcase name="openBrowser1" time="37.477" classname="ExtentReport.OpeningBrowser"/>
</testsuite> <!-- ExtentReport.OpeningBrowser -->
