<?xml version="1.0" encoding="UTF-8"?>
<!-- Generated by org.testng.reporters.JUnitReportReporter -->
<testsuite skipped="0" hostname="LAPTOP-CESU4ELL" name="ExtentReport2.MouseHover" tests="1" failures="0" timestamp="14 Mar 2021 16:02:21 GMT" time="55.479" errors="0">
  <testcase name="Login" time="55.479" classname="ExtentReport2.MouseHover"/>
</testsuite> <!-- ExtentReport2.MouseHover -->
