<?xml version="1.0" encoding="UTF-8"?>
<!-- Generated by org.testng.reporters.JUnitReportReporter -->
<testsuite skipped="0" hostname="LAPTOP-CESU4ELL" name="Practice.SwitchingBrowser" tests="1" failures="0" timestamp="2020-09-30T20:29:15 IST" time="24.467" errors="0">
  <testcase name="openBrowser" time="24.467" classname="Practice.SwitchingBrowser"/>
  <system-out/>
</testsuite> <!-- Practice.SwitchingBrowser -->
