<?xml version="1.0" encoding="UTF-8"?>
<!-- Generated by org.testng.reporters.JUnitReportReporter -->
<testsuite skipped="0" hostname="LAPTOP-CESU4ELL" name="ExtentReport.LoginCheckup" tests="1" failures="0" timestamp="14 Mar 2021 17:21:54 GMT" time="94.141" errors="0">
  <testcase name="Login" time="94.141" classname="ExtentReport.LoginCheckup"/>
</testsuite> <!-- ExtentReport.LoginCheckup -->
