<?xml version="1.0" encoding="UTF-8"?>
<!-- Generated by org.testng.reporters.JUnitReportReporter -->
<testsuite skipped="0" hostname="LAPTOP-CESU4ELL" name="Parallel.Test1" tests="2" failures="0" timestamp="2020-10-02T11:35:46 IST" time="0.015" errors="0">
  <testcase name="test" time="0.013" classname="Parallel.Test1"/>
  <system-out>
this is this  </system-out>
  <testcase name="testing" time="0.002" classname="Parallel.Test1"/>
  <system-out>
this is testing  </system-out>
</testsuite> <!-- Parallel.Test1 -->
