<?xml version="1.0" encoding="UTF-8"?>
<!-- Generated by org.testng.reporters.JUnitReportReporter -->
<testsuite skipped="0" hostname="LAPTOP-CESU4ELL" name="ExtentReport.ExtentReport_class" tests="1" failures="0" timestamp="14 Mar 2021 17:21:54 GMT" time="1.594" errors="0">
  <testcase name="correspondent" time="1.594" classname="ExtentReport.ExtentReport_class"/>
</testsuite> <!-- ExtentReport.ExtentReport_class -->
