<?xml version="1.0" encoding="UTF-8"?>
<!-- Generated by org.testng.reporters.JUnitReportReporter -->
<testsuite skipped="0" hostname="LAPTOP-CESU4ELL" name="ExtentReport.actime" tests="2" failures="0" timestamp="14 Mar 2021 17:21:54 GMT" time="115.717" errors="0">
  <testcase name="openAppe" time="31.590" classname="ExtentReport.actime"/>
  <testcase name="openApp" time="84.127" classname="ExtentReport.actime"/>
</testsuite> <!-- ExtentReport.actime -->
