<?xml version="1.0" encoding="UTF-8"?>
<!-- Generated by org.testng.reporters.JUnitReportReporter -->
<testsuite skipped="0" hostname="LAPTOP-CESU4ELL" name="Parallel.Test2" tests="1" failures="0" timestamp="2020-10-04T11:46:47 IST" time="37.083" errors="0">
  <testcase name="assignnmet" time="37.083" classname="Parallel.Test2"/>
  <system-out/>
</testsuite> <!-- Parallel.Test2 -->
