<?xml version="1.0" encoding="UTF-8"?>
<!-- Generated by org.testng.reporters.JUnitReportReporter -->
<testsuite skipped="0" hostname="LAPTOP-CESU4ELL" name="ExtentReport.MouseHover" tests="1" failures="0" timestamp="14 Mar 2021 17:21:54 GMT" time="73.738" errors="0">
  <testcase name="Login" time="73.738" classname="ExtentReport.MouseHover"/>
</testsuite> <!-- ExtentReport.MouseHover -->
